SF:lib\data\http\http_client.dart
DA:2,0
DA:3,0
LF:2
LH:0
end_of_record
SF:lib\data\usecases\remote_authentication.usecase.dart
DA:10,1
DA:12,0
DA:13,0
DA:15,0
DA:16,0
DA:17,0
DA:18,0
DA:26,0
DA:28,0
DA:29,0
DA:32,0
LF:11
LH:1
end_of_record
SF:lib\domain\usecases\authentication.usecase.dart
DA:9,1
LF:1
LH:1
end_of_record
SF:lib\domain\entities\account.entity.dart
DA:3,0
DA:5,0
DA:6,0
LF:3
LH:0
end_of_record
SF:lib\helpers\domain_error.dart
DA:1,1
LF:1
LH:1
end_of_record
SF:lib\helpers\http_error.dart
DA:1,1
LF:1
LH:1
end_of_record
