SF:lib\data\http\http_client.dart
DA:2,0
LF:1
LH:0
end_of_record
SF:lib\data\usecases\remote_authentication.usecase.dart
DA:8,1
DA:10,1
DA:11,2
DA:13,4
DA:14,1
DA:15,1
DA:23,1
DA:25,1
DA:26,3
DA:29,4
LF:10
LH:10
end_of_record
SF:lib\domain\usecases\authentication.usecase.dart
DA:9,1
LF:1
LH:1
end_of_record
SF:lib\domain\entities\account.entity.dart
DA:3,0
LF:1
LH:0
end_of_record
SF:lib\helpers\domain_error.dart
DA:1,1
LF:1
LH:1
end_of_record
SF:lib\helpers\http_error.dart
DA:1,1
LF:1
LH:1
end_of_record
